2024-10-15 02:00:31.807 [pool-7-thread-1] INFO  io.tiklab.security.scheduled.BackupsTask - 备份定时任务被触发......
2024-10-15 02:00:31.832 [pool-7-thread-1] INFO  io.tiklab.security.scheduled.BackupsTask - 应用未开启定时备份......
2024-10-15 09:09:14.718 [Thread-1] INFO  i.t.r.transport.tcp.transport.netty.NettyServer - jvm destroy,clear resource on port:0...
2024-10-15 09:09:14.811 [SpringApplicationShutdownHook] INFO  org.quartz.core.QuartzScheduler - Scheduler quartzScheduler_$_NON_CLUSTERED paused.
2024-10-15 09:09:14.882 [SpringApplicationShutdownHook] INFO  o.s.scheduling.quartz.SchedulerFactoryBean - Shutting down Quartz Scheduler
2024-10-15 09:09:14.882 [SpringApplicationShutdownHook] INFO  org.quartz.core.QuartzScheduler - Scheduler quartzScheduler_$_NON_CLUSTERED shutting down.
2024-10-15 09:09:14.882 [SpringApplicationShutdownHook] INFO  org.quartz.core.QuartzScheduler - Scheduler quartzScheduler_$_NON_CLUSTERED paused.
2024-10-15 09:09:14.882 [SpringApplicationShutdownHook] INFO  org.quartz.core.QuartzScheduler - Scheduler quartzScheduler_$_NON_CLUSTERED shutdown complete.
2024-10-15 09:23:01.992 [background-preinit] INFO  org.hibernate.validator.internal.util.Version - HV000001: Hibernate Validator 5.2.4.Final
2024-10-15 09:23:02.009 [main] INFO  io.tiklab.kaelthas.starter.KaelthasApplication - Starting KaelthasApplication using Java 17.0.9 on DESKTOP-QSSU4I0 with PID 17092 (D:\code\companycode\xmonitor\tiklab-kaelthas\tiklab-kaelthas-starter\target\classes started by admin in D:\code\companycode\xmonitor\tiklab-kaelthas)
2024-10-15 09:23:02.009 [main] INFO  io.tiklab.kaelthas.starter.KaelthasApplication - No active profile set, falling back to default profiles: default
2024-10-15 09:23:04.517 [main] INFO  o.s.c.annotation.ConfigurationClassPostProcessor - Cannot enhance @Configuration bean definition 'io.tiklab.rpc.boot.starter.config.RpcServerAutoConfiguration' since its singleton instance has been created too early. The typical cause is a non-static @Bean method with a BeanDefinitionRegistryPostProcessor return type: Consider declaring such methods as 'static'.
2024-10-15 09:23:04.694 [main] INFO  io.tiklab.rpc.common.support.NetworkUtils - get ip adress,costTime:0
2024-10-15 09:23:04.696 [main] INFO  io.tiklab.toolkit.context.AppHomeConfiguration - APP_HOME:D:\code\companycode\xmonitor\tiklab-kaelthas\tiklab-kaelthas-starter
2024-10-15 09:23:05.874 [main] INFO  o.s.boot.web.embedded.tomcat.TomcatWebServer - Tomcat initialized with port(s): 8080 (http)
2024-10-15 09:23:05.884 [main] INFO  org.apache.coyote.http11.Http11NioProtocol - Initializing ProtocolHandler ["http-nio-8080"]
2024-10-15 09:23:05.884 [main] INFO  org.apache.catalina.core.StandardService - Starting service [Tomcat]
2024-10-15 09:23:05.884 [main] INFO  org.apache.catalina.core.StandardEngine - Starting Servlet engine: [Apache Tomcat/9.0.54]
2024-10-15 09:23:06.001 [main] INFO  o.a.c.core.ContainerBase.[Tomcat].[localhost].[/] - Initializing Spring embedded WebApplicationContext
2024-10-15 09:23:06.001 [main] INFO  o.s.b.w.s.c.ServletWebServerApplicationContext - Root WebApplicationContext: initialization completed in 3957 ms
2024-10-15 09:23:07.528 [main] INFO  i.t.r.b.starter.config.RpcServerAutoConfiguration - rpc server started on 127.0.0.1:8080
2024-10-15 09:23:07.904 [main] INFO  i.t.r.transport.tcp.transport.netty.NettyServer - netty server starting on port:5030
2024-10-15 09:23:08.000 [main] INFO  i.t.d.b.starter.config.DcsServerAutoConfiguration - dcs server started on 127.0.0.1:5030
2024-10-15 09:23:08.001 [nioEventLoopGroup-2-1] INFO  i.t.r.transport.tcp.transport.netty.NettyServer - netty started succefully.
2024-10-15 09:23:08.001 [main] INFO  io.tiklab.postgresql.config.ExecPostgresqlScript - postgresql type local
2024-10-15 09:23:08.231 [main] INFO  o.s.b.a.web.servlet.WelcomePageHandlerMapping - Adding welcome page: class path resource [static/index.html]
2024-10-15 09:23:08.406 [main] WARN  o.s.b.a.freemarker.FreeMarkerAutoConfiguration - Cannot find template location(s): [classpath:/templates/] (please add some templates, check your FreeMarker configuration, or set spring.freemarker.checkTemplateLocation=false)
2024-10-15 09:23:08.471 [main] INFO  org.quartz.impl.StdSchedulerFactory - Using default implementation for ThreadExecutor
2024-10-15 09:23:08.482 [main] INFO  org.quartz.core.SchedulerSignalerImpl - Initialized Scheduler Signaller of type: class org.quartz.core.SchedulerSignalerImpl
2024-10-15 09:23:08.482 [main] INFO  org.quartz.core.QuartzScheduler - Quartz Scheduler v.2.3.2 created.
2024-10-15 09:23:08.483 [main] INFO  org.quartz.simpl.RAMJobStore - RAMJobStore initialized.
2024-10-15 09:23:08.483 [main] INFO  org.quartz.core.QuartzScheduler - Scheduler meta-data: Quartz Scheduler (v2.3.2) 'quartzScheduler' with instanceId 'NON_CLUSTERED'
  Scheduler class: 'org.quartz.core.QuartzScheduler' - running locally.
  NOT STARTED.
  Currently in standby mode.
  Number of jobs executed: 0
  Using thread pool 'org.quartz.simpl.SimpleThreadPool' - with 10 threads.
  Using job-store 'org.quartz.simpl.RAMJobStore' - which does not support persistence. and is not clustered.

2024-10-15 09:23:08.483 [main] INFO  org.quartz.impl.StdSchedulerFactory - Quartz scheduler 'quartzScheduler' initialized from an externally provided properties instance.
2024-10-15 09:23:08.483 [main] INFO  org.quartz.impl.StdSchedulerFactory - Quartz scheduler version: 2.3.2
2024-10-15 09:23:08.483 [main] INFO  org.quartz.core.QuartzScheduler - JobFactory set to: org.springframework.scheduling.quartz.SpringBeanJobFactory@63fb5355
2024-10-15 09:23:08.525 [main] INFO  org.apache.coyote.http11.Http11NioProtocol - Starting ProtocolHandler ["http-nio-8080"]
2024-10-15 09:23:08.534 [main] INFO  o.s.boot.web.embedded.tomcat.TomcatWebServer - Tomcat started on port(s): 8080 (http) with context path ''
2024-10-15 09:23:08.535 [main] INFO  o.s.scheduling.quartz.SchedulerFactoryBean - Starting Quartz Scheduler now
2024-10-15 09:23:08.535 [main] INFO  org.quartz.core.QuartzScheduler - Scheduler quartzScheduler_$_NON_CLUSTERED started.
2024-10-15 09:23:08.539 [main] INFO  o.s.s.a.ScheduledAnnotationBeanPostProcessor - No TaskScheduler/ScheduledExecutorService bean found for scheduled processing
2024-10-15 09:23:08.545 [main] INFO  i.t.dsm.boot.starter.config.DsmAutoConfiguration - init database...
2024-10-15 09:23:08.900 [main] WARN  io.tiklab.dsm.config.SQLFileParser - sql script file name invalid,file name:test.sql
2024-10-15 09:23:08.910 [main] ERROR i.t.dsm.boot.starter.config.DsmAutoConfiguration - init database failed.
io.tiklab.core.exception.ApplicationException: script file not found,module:message,version:1.0.9
	at io.tiklab.dsm.config.DsmConfigParser.parse(DsmConfigParser.java:44)
	at io.tiklab.dsm.DsmProcessor.process(DsmProcessor.java:67)
	at io.tiklab.dsm.boot.starter.config.DsmAutoConfiguration.process(DsmAutoConfiguration.java:68)
	at io.tiklab.dsm.boot.starter.config.DsmAutoConfiguration.onApplicationEvent(DsmAutoConfiguration.java:48)
	at io.tiklab.dsm.boot.starter.config.DsmAutoConfiguration.onApplicationEvent(DsmAutoConfiguration.java:16)
	at io.tiklab.dsm.boot.starter.config.DsmAutoConfiguration$$EnhancerBySpringCGLIB$$26e30811.onApplicationEvent(<generated>)
	at org.springframework.context.event.SimpleApplicationEventMulticaster.doInvokeListener(SimpleApplicationEventMulticaster.java:176)
	at org.springframework.context.event.SimpleApplicationEventMulticaster.invokeListener(SimpleApplicationEventMulticaster.java:169)
	at org.springframework.context.event.SimpleApplicationEventMulticaster.multicastEvent(SimpleApplicationEventMulticaster.java:143)
	at org.springframework.context.support.AbstractApplicationContext.publishEvent(AbstractApplicationContext.java:421)
	at org.springframework.context.support.AbstractApplicationContext.publishEvent(AbstractApplicationContext.java:378)
	at org.springframework.context.support.AbstractApplicationContext.finishRefresh(AbstractApplicationContext.java:938)
	at org.springframework.context.support.AbstractApplicationContext.refresh(AbstractApplicationContext.java:586)
	at org.springframework.boot.web.servlet.context.ServletWebServerApplicationContext.refresh(ServletWebServerApplicationContext.java:145)
	at org.springframework.boot.SpringApplication.refresh(SpringApplication.java:754)
	at org.springframework.boot.SpringApplication.refreshContext(SpringApplication.java:434)
	at org.springframework.boot.SpringApplication.run(SpringApplication.java:338)
	at org.springframework.boot.SpringApplication.run(SpringApplication.java:1343)
	at org.springframework.boot.SpringApplication.run(SpringApplication.java:1332)
	at io.tiklab.kaelthas.starter.KaelthasApplication.main(KaelthasApplication.java:14)
2024-10-15 09:23:08.914 [main] INFO  io.tiklab.kaelthas.starter.KaelthasApplication - Started KaelthasApplication in 7.491 seconds (JVM running for 9.113)
2024-10-15 09:24:31.008 [http-nio-8080-exec-1] INFO  o.a.c.core.ContainerBase.[Tomcat].[localhost].[/] - Initializing Spring DispatcherServlet 'dispatcherServlet'
2024-10-15 09:24:31.008 [http-nio-8080-exec-1] INFO  org.springframework.web.servlet.DispatcherServlet - Initializing Servlet 'dispatcherServlet'
2024-10-15 09:24:31.010 [http-nio-8080-exec-1] INFO  org.springframework.web.servlet.DispatcherServlet - Completed initialization in 2 ms
2024-10-15 09:24:31.143 [http-nio-8080-exec-3] INFO  io.tiklab.gateway.GatewayFilter - request success,request url:/version/getVersion,remote:192.168.10.24
2024-10-15 09:24:31.143 [http-nio-8080-exec-4] INFO  io.tiklab.gateway.GatewayFilter - request success,request url:/version/getVersion,remote:192.168.10.24
2024-10-15 09:24:31.185 [http-nio-8080-exec-6] INFO  io.tiklab.gateway.GatewayFilter - request success,request url:/authConfig/getAuthConfig,remote:192.168.10.24
2024-10-15 09:24:31.342 [http-nio-8080-exec-10] INFO  io.tiklab.gateway.GatewayFilter - request success,request url:/appLink/findAppLinkList,remote:192.168.10.24
2024-10-15 09:24:31.344 [http-nio-8080-exec-9] INFO  io.tiklab.gateway.GatewayFilter - request success,request url:/message/messageItem/findMessageItemPage,remote:192.168.10.24
2024-10-15 09:24:31.359 [http-nio-8080-exec-4] INFO  io.tiklab.gateway.GatewayFilter - request success,request url:/home/findAlarmTypeNum,remote:192.168.10.24
2024-10-15 09:24:31.374 [http-nio-8080-exec-6] INFO  io.tiklab.gateway.GatewayFilter - request success,request url:/home/findTypeDistribution,remote:192.168.10.24
2024-10-15 09:24:31.402 [http-nio-8080-exec-3] INFO  io.tiklab.gateway.GatewayFilter - request success,request url:/home/findHostUsage,remote:192.168.10.24
2024-10-15 09:24:31.417 [http-nio-8080-exec-8] INFO  io.tiklab.gateway.GatewayFilter - request success,request url:/home/findAlarmTypeNum,remote:192.168.10.24
2024-10-15 09:24:31.436 [http-nio-8080-exec-7] INFO  io.tiklab.gateway.GatewayFilter - request success,request url:/home/findHostUsage,remote:192.168.10.24
2024-10-15 09:24:31.438 [http-nio-8080-exec-1] INFO  io.tiklab.gateway.GatewayFilter - request success,request url:/home/findTypeDistribution,remote:192.168.10.24
2024-10-15 09:24:32.568 [http-nio-8080-exec-10] INFO  io.tiklab.gateway.GatewayFilter - request success,request url:/hostList/findHostPage,remote:192.168.10.24
2024-10-15 09:24:33.007 [http-nio-8080-exec-4] INFO  io.tiklab.gateway.GatewayFilter - request success,request url:/dbInfo/findDbInfoPage,remote:192.168.10.24
2024-10-15 09:24:34.168 [http-nio-8080-exec-6] INFO  io.tiklab.gateway.GatewayFilter - request success,request url:/kubernetes/findKbInfoPage,remote:192.168.10.24
2024-10-15 09:24:34.744 [http-nio-8080-exec-8] INFO  io.tiklab.gateway.GatewayFilter - request success,request url:/internet/findInternetPage,remote:192.168.10.24
2024-10-15 09:24:37.305 [http-nio-8080-exec-4] INFO  io.tiklab.gateway.GatewayFilter - request success,request url:/alarm/findAlarmPage,remote:192.168.10.24
2024-10-15 09:24:53.093 [Thread-1] INFO  i.t.r.transport.tcp.transport.netty.NettyServer - jvm destroy,clear resource on port:0...
2024-10-15 09:24:53.096 [SpringApplicationShutdownHook] INFO  org.quartz.core.QuartzScheduler - Scheduler quartzScheduler_$_NON_CLUSTERED paused.
2024-10-15 09:24:53.133 [SpringApplicationShutdownHook] INFO  o.s.scheduling.quartz.SchedulerFactoryBean - Shutting down Quartz Scheduler
2024-10-15 09:24:53.133 [SpringApplicationShutdownHook] INFO  org.quartz.core.QuartzScheduler - Scheduler quartzScheduler_$_NON_CLUSTERED shutting down.
2024-10-15 09:24:53.133 [SpringApplicationShutdownHook] INFO  org.quartz.core.QuartzScheduler - Scheduler quartzScheduler_$_NON_CLUSTERED paused.
2024-10-15 09:24:53.133 [SpringApplicationShutdownHook] INFO  org.quartz.core.QuartzScheduler - Scheduler quartzScheduler_$_NON_CLUSTERED shutdown complete.
2024-10-15 09:24:53.145 [pool-7-thread-1] ERROR o.s.s.support.TaskUtils$LoggingErrorHandler - Unexpected error occurred in scheduled task
org.springframework.transaction.CannotCreateTransactionException: Could not open JDBC Connection for transaction; nested exception is java.sql.SQLException: Data source is closed
	at org.springframework.jdbc.datasource.DataSourceTransactionManager.doBegin(DataSourceTransactionManager.java:309)
	at org.springframework.transaction.support.AbstractPlatformTransactionManager.startTransaction(AbstractPlatformTransactionManager.java:400)
	at org.springframework.transaction.support.AbstractPlatformTransactionManager.getTransaction(AbstractPlatformTransactionManager.java:373)
	at org.springframework.transaction.interceptor.TransactionAspectSupport.createTransactionIfNecessary(TransactionAspectSupport.java:595)
	at org.springframework.transaction.interceptor.TransactionAspectSupport.invokeWithinTransaction(TransactionAspectSupport.java:382)
	at org.springframework.transaction.interceptor.TransactionInterceptor.invoke(TransactionInterceptor.java:119)
	at org.springframework.aop.framework.ReflectiveMethodInvocation.proceed(ReflectiveMethodInvocation.java:186)
	at org.springframework.aop.framework.CglibAopProxy$CglibMethodInvocation.proceed(CglibAopProxy.java:753)
	at org.springframework.aop.interceptor.ExposeInvocationInterceptor.invoke(ExposeInvocationInterceptor.java:97)
	at org.springframework.aop.framework.ReflectiveMethodInvocation.proceed(ReflectiveMethodInvocation.java:186)
	at org.springframework.aop.framework.CglibAopProxy$CglibMethodInvocation.proceed(CglibAopProxy.java:753)
	at org.springframework.aop.framework.CglibAopProxy$DynamicAdvisedInterceptor.intercept(CglibAopProxy.java:698)
	at io.tiklab.kaelthas.history.service.HistoryServiceImpl$$EnhancerBySpringCGLIB$$ea1369ab.insertForList(<generated>)
	at io.tiklab.kaelthas.switchs.service.GetInReportDataService.executeSwitchHost(SwitchHostService.java:68)
	at io.tiklab.kaelthas.switchs.service.GetInReportDataService$$FastClassBySpringCGLIB$$2c64ea55.invoke(<generated>)
	at org.springframework.cglib.proxy.MethodProxy.invoke(MethodProxy.java:218)
	at org.springframework.aop.framework.CglibAopProxy$CglibMethodInvocation.invokeJoinpoint(CglibAopProxy.java:783)
	at org.springframework.aop.framework.ReflectiveMethodInvocation.proceed(ReflectiveMethodInvocation.java:163)
	at org.springframework.aop.framework.CglibAopProxy$CglibMethodInvocation.proceed(CglibAopProxy.java:753)
	at org.springframework.transaction.interceptor.TransactionInterceptor$1.proceedWithInvocation(TransactionInterceptor.java:123)
	at org.springframework.transaction.interceptor.TransactionAspectSupport.invokeWithinTransaction(TransactionAspectSupport.java:388)
	at org.springframework.transaction.interceptor.TransactionInterceptor.invoke(TransactionInterceptor.java:119)
	at org.springframework.aop.framework.ReflectiveMethodInvocation.proceed(ReflectiveMethodInvocation.java:186)
	at org.springframework.aop.framework.CglibAopProxy$CglibMethodInvocation.proceed(CglibAopProxy.java:753)
	at org.springframework.aop.interceptor.ExposeInvocationInterceptor.invoke(ExposeInvocationInterceptor.java:97)
	at org.springframework.aop.framework.ReflectiveMethodInvocation.proceed(ReflectiveMethodInvocation.java:186)
	at org.springframework.aop.framework.CglibAopProxy$CglibMethodInvocation.proceed(CglibAopProxy.java:753)
	at org.springframework.aop.framework.CglibAopProxy$DynamicAdvisedInterceptor.intercept(CglibAopProxy.java:698)
	at io.tiklab.kaelthas.switchs.service.GetInReportDataService$$EnhancerBySpringCGLIB$$aceb121a.executeSwitchHost(<generated>)
	at java.base/jdk.internal.reflect.NativeMethodAccessorImpl.invoke0(Native Method)
	at java.base/jdk.internal.reflect.NativeMethodAccessorImpl.invoke(NativeMethodAccessorImpl.java:77)
	at java.base/jdk.internal.reflect.DelegatingMethodAccessorImpl.invoke(DelegatingMethodAccessorImpl.java:43)
	at java.base/java.lang.reflect.Method.invoke(Method.java:568)
	at org.springframework.scheduling.support.ScheduledMethodRunnable.run(ScheduledMethodRunnable.java:84)
	at org.springframework.scheduling.support.DelegatingErrorHandlingRunnable.run(DelegatingErrorHandlingRunnable.java:54)
	at org.springframework.scheduling.concurrent.ReschedulingRunnable.run(ReschedulingRunnable.java:95)
	at java.base/java.util.concurrent.Executors$RunnableAdapter.call(Executors.java:539)
	at java.base/java.util.concurrent.FutureTask.run$$$capture(FutureTask.java:264)
	at java.base/java.util.concurrent.FutureTask.run(FutureTask.java)
	at java.base/java.util.concurrent.ScheduledThreadPoolExecutor$ScheduledFutureTask.run(ScheduledThreadPoolExecutor.java:304)
	at java.base/java.util.concurrent.ThreadPoolExecutor.runWorker(ThreadPoolExecutor.java:1136)
	at java.base/java.util.concurrent.ThreadPoolExecutor$Worker.run(ThreadPoolExecutor.java:635)
	at java.base/java.lang.Thread.run(Thread.java:842)
Caused by: java.sql.SQLException: Data source is closed
	at org.apache.commons.dbcp.BasicDataSource.createDataSource(BasicDataSource.java:1362)
	at org.apache.commons.dbcp.BasicDataSource.getConnection(BasicDataSource.java:1044)
	at org.springframework.jdbc.datasource.lookup.AbstractRoutingDataSource.getConnection(AbstractRoutingDataSource.java:194)
	at org.springframework.jdbc.datasource.DataSourceTransactionManager.doBegin(DataSourceTransactionManager.java:265)
	... 42 common frames omitted
2024-10-15 09:36:27.737 [background-preinit] INFO  org.hibernate.validator.internal.util.Version - HV000001: Hibernate Validator 5.2.4.Final
2024-10-15 09:36:27.750 [main] INFO  io.tiklab.kaelthas.starter.KaelthasApplication - Starting KaelthasApplication using Java 17.0.9 on DESKTOP-QSSU4I0 with PID 19784 (D:\code\companycode\xmonitor\tiklab-kaelthas\tiklab-kaelthas-starter\target\classes started by admin in D:\code\companycode\xmonitor\tiklab-kaelthas)
2024-10-15 09:36:27.751 [main] INFO  io.tiklab.kaelthas.starter.KaelthasApplication - No active profile set, falling back to default profiles: default
2024-10-15 09:36:28.641 [main] INFO  o.s.c.annotation.ConfigurationClassPostProcessor - Cannot enhance @Configuration bean definition 'io.tiklab.rpc.boot.starter.config.RpcServerAutoConfiguration' since its singleton instance has been created too early. The typical cause is a non-static @Bean method with a BeanDefinitionRegistryPostProcessor return type: Consider declaring such methods as 'static'.
2024-10-15 09:36:28.771 [main] INFO  io.tiklab.rpc.common.support.NetworkUtils - get ip adress,costTime:0
2024-10-15 09:36:28.772 [main] INFO  io.tiklab.toolkit.context.AppHomeConfiguration - APP_HOME:D:\code\companycode\xmonitor\tiklab-kaelthas\tiklab-kaelthas-starter
2024-10-15 09:36:29.798 [main] INFO  o.s.boot.web.embedded.tomcat.TomcatWebServer - Tomcat initialized with port(s): 8080 (http)
2024-10-15 09:36:29.809 [main] INFO  org.apache.coyote.http11.Http11NioProtocol - Initializing ProtocolHandler ["http-nio-8080"]
2024-10-15 09:36:29.809 [main] INFO  org.apache.catalina.core.StandardService - Starting service [Tomcat]
2024-10-15 09:36:29.809 [main] INFO  org.apache.catalina.core.StandardEngine - Starting Servlet engine: [Apache Tomcat/9.0.54]
2024-10-15 09:36:29.929 [main] INFO  o.a.c.core.ContainerBase.[Tomcat].[localhost].[/] - Initializing Spring embedded WebApplicationContext
2024-10-15 09:36:29.929 [main] INFO  o.s.b.w.s.c.ServletWebServerApplicationContext - Root WebApplicationContext: initialization completed in 2142 ms
2024-10-15 09:36:31.319 [main] INFO  i.t.r.b.starter.config.RpcServerAutoConfiguration - rpc server started on 127.0.0.1:8080
2024-10-15 09:36:31.650 [main] INFO  i.t.r.transport.tcp.transport.netty.NettyServer - netty server starting on port:5030
2024-10-15 09:36:31.732 [main] INFO  i.t.d.b.starter.config.DcsServerAutoConfiguration - dcs server started on 127.0.0.1:5030
2024-10-15 09:36:31.733 [nioEventLoopGroup-2-1] INFO  i.t.r.transport.tcp.transport.netty.NettyServer - netty started succefully.
2024-10-15 09:36:31.733 [main] INFO  io.tiklab.postgresql.config.ExecPostgresqlScript - postgresql type local
2024-10-15 09:36:31.939 [main] INFO  o.s.b.a.web.servlet.WelcomePageHandlerMapping - Adding welcome page: class path resource [static/index.html]
2024-10-15 09:36:32.097 [main] WARN  o.s.b.a.freemarker.FreeMarkerAutoConfiguration - Cannot find template location(s): [classpath:/templates/] (please add some templates, check your FreeMarker configuration, or set spring.freemarker.checkTemplateLocation=false)
2024-10-15 09:36:32.151 [main] INFO  org.quartz.impl.StdSchedulerFactory - Using default implementation for ThreadExecutor
2024-10-15 09:36:32.161 [main] INFO  org.quartz.core.SchedulerSignalerImpl - Initialized Scheduler Signaller of type: class org.quartz.core.SchedulerSignalerImpl
2024-10-15 09:36:32.162 [main] INFO  org.quartz.core.QuartzScheduler - Quartz Scheduler v.2.3.2 created.
2024-10-15 09:36:32.162 [main] INFO  org.quartz.simpl.RAMJobStore - RAMJobStore initialized.
2024-10-15 09:36:32.163 [main] INFO  org.quartz.core.QuartzScheduler - Scheduler meta-data: Quartz Scheduler (v2.3.2) 'quartzScheduler' with instanceId 'NON_CLUSTERED'
  Scheduler class: 'org.quartz.core.QuartzScheduler' - running locally.
  NOT STARTED.
  Currently in standby mode.
  Number of jobs executed: 0
  Using thread pool 'org.quartz.simpl.SimpleThreadPool' - with 10 threads.
  Using job-store 'org.quartz.simpl.RAMJobStore' - which does not support persistence. and is not clustered.

2024-10-15 09:36:32.163 [main] INFO  org.quartz.impl.StdSchedulerFactory - Quartz scheduler 'quartzScheduler' initialized from an externally provided properties instance.
2024-10-15 09:36:32.163 [main] INFO  org.quartz.impl.StdSchedulerFactory - Quartz scheduler version: 2.3.2
2024-10-15 09:36:32.163 [main] INFO  org.quartz.core.QuartzScheduler - JobFactory set to: org.springframework.scheduling.quartz.SpringBeanJobFactory@42019b47
2024-10-15 09:36:32.201 [main] INFO  org.apache.coyote.http11.Http11NioProtocol - Starting ProtocolHandler ["http-nio-8080"]
2024-10-15 09:36:32.209 [main] INFO  o.s.boot.web.embedded.tomcat.TomcatWebServer - Tomcat started on port(s): 8080 (http) with context path ''
2024-10-15 09:36:32.210 [main] INFO  o.s.scheduling.quartz.SchedulerFactoryBean - Starting Quartz Scheduler now
2024-10-15 09:36:32.210 [main] INFO  org.quartz.core.QuartzScheduler - Scheduler quartzScheduler_$_NON_CLUSTERED started.
2024-10-15 09:36:32.214 [main] INFO  o.s.s.a.ScheduledAnnotationBeanPostProcessor - No TaskScheduler/ScheduledExecutorService bean found for scheduled processing
2024-10-15 09:36:32.218 [main] INFO  i.t.dsm.boot.starter.config.DsmAutoConfiguration - init database...
2024-10-15 09:36:32.521 [main] WARN  io.tiklab.dsm.config.SQLFileParser - sql script file name invalid,file name:test.sql
2024-10-15 09:36:32.527 [main] ERROR i.t.dsm.boot.starter.config.DsmAutoConfiguration - init database failed.
io.tiklab.core.exception.ApplicationException: script file not found,module:message,version:1.0.9
	at io.tiklab.dsm.config.DsmConfigParser.parse(DsmConfigParser.java:44)
	at io.tiklab.dsm.DsmProcessor.process(DsmProcessor.java:67)
	at io.tiklab.dsm.boot.starter.config.DsmAutoConfiguration.process(DsmAutoConfiguration.java:68)
	at io.tiklab.dsm.boot.starter.config.DsmAutoConfiguration.onApplicationEvent(DsmAutoConfiguration.java:48)
	at io.tiklab.dsm.boot.starter.config.DsmAutoConfiguration.onApplicationEvent(DsmAutoConfiguration.java:16)
	at io.tiklab.dsm.boot.starter.config.DsmAutoConfiguration$$EnhancerBySpringCGLIB$$acad269f.onApplicationEvent(<generated>)
	at org.springframework.context.event.SimpleApplicationEventMulticaster.doInvokeListener(SimpleApplicationEventMulticaster.java:176)
	at org.springframework.context.event.SimpleApplicationEventMulticaster.invokeListener(SimpleApplicationEventMulticaster.java:169)
	at org.springframework.context.event.SimpleApplicationEventMulticaster.multicastEvent(SimpleApplicationEventMulticaster.java:143)
	at org.springframework.context.support.AbstractApplicationContext.publishEvent(AbstractApplicationContext.java:421)
	at org.springframework.context.support.AbstractApplicationContext.publishEvent(AbstractApplicationContext.java:378)
	at org.springframework.context.support.AbstractApplicationContext.finishRefresh(AbstractApplicationContext.java:938)
	at org.springframework.context.support.AbstractApplicationContext.refresh(AbstractApplicationContext.java:586)
	at org.springframework.boot.web.servlet.context.ServletWebServerApplicationContext.refresh(ServletWebServerApplicationContext.java:145)
	at org.springframework.boot.SpringApplication.refresh(SpringApplication.java:754)
	at org.springframework.boot.SpringApplication.refreshContext(SpringApplication.java:434)
	at org.springframework.boot.SpringApplication.run(SpringApplication.java:338)
	at org.springframework.boot.SpringApplication.run(SpringApplication.java:1343)
	at org.springframework.boot.SpringApplication.run(SpringApplication.java:1332)
	at io.tiklab.kaelthas.starter.KaelthasApplication.main(KaelthasApplication.java:14)
2024-10-15 09:36:32.530 [main] INFO  io.tiklab.kaelthas.starter.KaelthasApplication - Started KaelthasApplication in 5.092 seconds (JVM running for 6.002)
2024-10-15 09:36:45.463 [http-nio-8080-exec-1] INFO  o.a.c.core.ContainerBase.[Tomcat].[localhost].[/] - Initializing Spring DispatcherServlet 'dispatcherServlet'
2024-10-15 09:36:45.463 [http-nio-8080-exec-1] INFO  org.springframework.web.servlet.DispatcherServlet - Initializing Servlet 'dispatcherServlet'
2024-10-15 09:36:45.465 [http-nio-8080-exec-1] INFO  org.springframework.web.servlet.DispatcherServlet - Completed initialization in 2 ms
2024-10-15 09:36:45.502 [http-nio-8080-exec-1] INFO  io.tiklab.gateway.GatewayFilter - request success,request url:/,remote:0:0:0:0:0:0:0:1
2024-10-15 09:36:45.521 [http-nio-8080-exec-3] INFO  io.tiklab.gateway.GatewayFilter - request success,request url:/css/5.ecb50ded4932f49c87d4.css,remote:0:0:0:0:0:0:0:1
2024-10-15 09:36:45.521 [http-nio-8080-exec-4] INFO  io.tiklab.gateway.GatewayFilter - request success,request url:/css/main.ec1bddef2e9738492c45.css,remote:0:0:0:0:0:0:0:1
2024-10-15 09:36:45.525 [http-nio-8080-exec-2] INFO  io.tiklab.gateway.GatewayFilter - request success,request url:/css/0.a5254100d25737ee28ef.css,remote:0:0:0:0:0:0:0:1
2024-10-15 09:36:45.536 [http-nio-8080-exec-7] INFO  io.tiklab.gateway.GatewayFilter - request success,request url:/js/chunk-antIcon.e4c6334c.js,remote:0:0:0:0:0:0:0:1
2024-10-15 09:36:45.553 [http-nio-8080-exec-8] INFO  io.tiklab.gateway.GatewayFilter - request success,request url:/js/chunk-tiklab-eam-ui.e4c6334c.js,remote:0:0:0:0:0:0:0:1
2024-10-15 09:36:45.597 [http-nio-8080-exec-6] INFO  io.tiklab.gateway.GatewayFilter - request success,request url:/js/chunk-rcomponent.e4c6334c.js,remote:0:0:0:0:0:0:0:1
2024-10-15 09:36:45.691 [http-nio-8080-exec-5] INFO  io.tiklab.gateway.GatewayFilter - request success,request url:/js/chunk-antdUI.e4c6334c.js,remote:0:0:0:0:0:0:0:1
2024-10-15 09:36:45.717 [http-nio-8080-exec-9] INFO  io.tiklab.gateway.GatewayFilter - request success,request url:/js/main.e4c6334c.js,remote:0:0:0:0:0:0:0:1
2024-10-15 09:36:45.822 [http-nio-8080-exec-3] INFO  io.tiklab.gateway.GatewayFilter - request success,request url:/css/15.ba1e6b09c3e99d0e4c3f.css,remote:0:0:0:0:0:0:0:1
2024-10-15 09:36:45.822 [http-nio-8080-exec-10] INFO  io.tiklab.gateway.GatewayFilter - request success,request url:/css/11.1398e5fc4194a5e69bac.css,remote:0:0:0:0:0:0:0:1
2024-10-15 09:36:45.839 [http-nio-8080-exec-1] INFO  io.tiklab.gateway.GatewayFilter - request success,request url:/js/11.e4c6334c.js,remote:0:0:0:0:0:0:0:1
2024-10-15 09:36:45.840 [http-nio-8080-exec-4] INFO  io.tiklab.gateway.GatewayFilter - request success,request url:/js/15.e4c6334c.js,remote:0:0:0:0:0:0:0:1
2024-10-15 09:36:45.864 [http-nio-8080-exec-8] INFO  io.tiklab.gateway.GatewayFilter - request success,request url:/logo.png,remote:0:0:0:0:0:0:0:1
2024-10-15 09:36:45.934 [http-nio-8080-exec-2] INFO  io.tiklab.gateway.GatewayFilter - request success,request url:/version/getVersion,remote:0:0:0:0:0:0:0:1
2024-10-15 09:36:45.934 [http-nio-8080-exec-7] INFO  io.tiklab.gateway.GatewayFilter - request success,request url:/version/getVersion,remote:0:0:0:0:0:0:0:1
2024-10-15 09:36:45.967 [http-nio-8080-exec-6] INFO  io.tiklab.gateway.GatewayFilter - request success,request url:/authConfig/getAuthConfig,remote:0:0:0:0:0:0:0:1
2024-10-15 09:36:45.982 [http-nio-8080-exec-5] INFO  io.tiklab.gateway.GatewayFilter - request success,request url:/js/81.e4c6334c.js,remote:0:0:0:0:0:0:0:1
2024-10-15 09:36:45.998 [http-nio-8080-exec-9] INFO  io.tiklab.gateway.GatewayFilter - request success,request url:/js/80.e4c6334c.js,remote:0:0:0:0:0:0:0:1
2024-10-15 09:36:46.028 [http-nio-8080-exec-1] INFO  io.tiklab.gateway.GatewayFilter - request success,request url:/images/eam-enhancements.png,remote:0:0:0:0:0:0:0:1
2024-10-15 09:36:46.028 [http-nio-8080-exec-3] INFO  io.tiklab.gateway.GatewayFilter - request success,request url:/images/tiklab.png,remote:0:0:0:0:0:0:0:1
2024-10-15 09:36:46.028 [http-nio-8080-exec-10] INFO  io.tiklab.gateway.GatewayFilter - request success,request url:/images/dingding.png,remote:0:0:0:0:0:0:0:1
2024-10-15 09:36:46.029 [http-nio-8080-exec-7] INFO  io.tiklab.gateway.GatewayFilter - request success,request url:/images/ldap.png,remote:0:0:0:0:0:0:0:1
2024-10-15 09:36:46.029 [http-nio-8080-exec-4] INFO  io.tiklab.gateway.GatewayFilter - request success,request url:/images/qywechat.png,remote:0:0:0:0:0:0:0:1
2024-10-15 09:36:46.030 [http-nio-8080-exec-8] INFO  io.tiklab.gateway.GatewayFilter - request success,request url:/version/getVersion,remote:0:0:0:0:0:0:0:1
2024-10-15 09:36:47.193 [http-nio-8080-exec-2] INFO  i.t.r.transport.tcp.transport.netty.NettyClient - netty client started on:127.0.0.1:5030
2024-10-15 09:36:47.373 [Thread-7] INFO  org.ehcache.core.EhcacheManager - Cache 'g1' created in EhcacheManager.
2024-10-15 09:36:47.376 [Thread-7] INFO  org.ehcache.core.EhcacheManager - Cache 'dcs1' created in EhcacheManager.
2024-10-15 09:36:47.379 [Thread-7] INFO  i.t.rpc.server.protocol.rpc.RpcProtocolHandler - rpc handle success,rpcId:357685801-1,tenant:default,url:io.tiklab.dcs.common.cache.CacheAction/put,source:192.168.10.24,costTime:145
2024-10-15 09:36:47.379 [Thread-7] INFO  i.t.rpc.server.protocol.rpc.RpcProtocolHandler - rpc server,msg response body，length:18
2024-10-15 09:36:47.382 [Thread-8] INFO  io.tiklab.rpc.client.invoker.rpc.RpcInvokerHandler - rpc invoke,receive message,rpcId:357685801-1,time:2024-10-15 09:36:47.382
2024-10-15 09:36:47.382 [http-nio-8080-exec-2] INFO  io.tiklab.rpc.client.proxy.ClientInvocationHandler - rpc invoke success,rpcId:357685801-1,tenant:null,url:io.tiklab.dcs.common.cache.CacheAction/put,target:127.0.0.1:5030,costTime:221,time:2024-10-15 09:36:47.382
2024-10-15 09:36:47.409 [http-nio-8080-exec-2] INFO  io.tiklab.gateway.GatewayFilter - request success,request url:/eam/auth/login,remote:0:0:0:0:0:0:0:1
2024-10-15 09:36:47.428 [http-nio-8080-exec-6] INFO  io.tiklab.gateway.GatewayFilter - request success,request url:/applyAuth/findUserApplyAuth,remote:0:0:0:0:0:0:0:1
2024-10-15 09:36:47.437 [http-nio-8080-exec-5] INFO  io.tiklab.gateway.GatewayFilter - request success,request url:/version/getVersion,remote:0:0:0:0:0:0:0:1
2024-10-15 09:36:47.444 [http-nio-8080-exec-9] INFO  io.tiklab.gateway.GatewayFilter - request success,request url:/authConfig/getAuthConfig,remote:0:0:0:0:0:0:0:1
2024-10-15 09:36:47.458 [http-nio-8080-exec-10] INFO  io.tiklab.gateway.GatewayFilter - request success,request url:/images/menu-black.png,remote:0:0:0:0:0:0:0:1
2024-10-15 09:36:47.458 [http-nio-8080-exec-1] INFO  io.tiklab.gateway.GatewayFilter - request success,request url:/images/kaelthas.png,remote:0:0:0:0:0:0:0:1
2024-10-15 09:36:47.458 [http-nio-8080-exec-3] INFO  io.tiklab.gateway.GatewayFilter - request success,request url:/images/vip-dark.png,remote:0:0:0:0:0:0:0:1
2024-10-15 09:36:47.517 [http-nio-8080-exec-7] INFO  io.tiklab.gateway.GatewayFilter - request success,request url:/message/messageItem/findMessageItemPage,remote:0:0:0:0:0:0:0:1
2024-10-15 09:36:47.517 [http-nio-8080-exec-4] INFO  io.tiklab.gateway.GatewayFilter - request success,request url:/appLink/findAppLinkList,remote:0:0:0:0:0:0:0:1
2024-10-15 09:36:48.698 [http-nio-8080-exec-8] INFO  io.tiklab.gateway.GatewayFilter - request success,request url:/css/8.9443d2b9d7eed10385d9.css,remote:0:0:0:0:0:0:0:1
2024-10-15 09:36:48.713 [http-nio-8080-exec-2] INFO  io.tiklab.gateway.GatewayFilter - request success,request url:/js/8.e4c6334c.js,remote:0:0:0:0:0:0:0:1
2024-10-15 09:36:48.778 [http-nio-8080-exec-6] INFO  io.tiklab.gateway.GatewayFilter - request success,request url:/hostList/findHostPage,remote:0:0:0:0:0:0:0:1
2024-10-15 09:36:49.144 [http-nio-8080-exec-9] INFO  io.tiklab.gateway.GatewayFilter - request success,request url:/css/67.994c78b10ae6b4f4f7ca.css,remote:0:0:0:0:0:0:0:1
2024-10-15 09:36:49.158 [http-nio-8080-exec-10] INFO  io.tiklab.gateway.GatewayFilter - request success,request url:/js/67.e4c6334c.js,remote:0:0:0:0:0:0:0:1
2024-10-15 09:36:49.190 [http-nio-8080-exec-5] INFO  io.tiklab.gateway.GatewayFilter - request success,request url:/js/3.e4c6334c.js,remote:0:0:0:0:0:0:0:1
2024-10-15 09:36:49.235 [http-nio-8080-exec-3] INFO  io.tiklab.gateway.GatewayFilter - request success,request url:/home/findAlarmTypeNum,remote:0:0:0:0:0:0:0:1
2024-10-15 09:36:49.249 [http-nio-8080-exec-7] INFO  io.tiklab.gateway.GatewayFilter - request success,request url:/home/findTypeDistribution,remote:0:0:0:0:0:0:0:1
2024-10-15 09:36:49.277 [http-nio-8080-exec-1] INFO  io.tiklab.gateway.GatewayFilter - request success,request url:/home/findHostUsage,remote:0:0:0:0:0:0:0:1
2024-10-15 09:36:49.291 [http-nio-8080-exec-8] INFO  io.tiklab.gateway.GatewayFilter - request success,request url:/home/findAlarmTypeNum,remote:0:0:0:0:0:0:0:1
2024-10-15 09:36:49.301 [http-nio-8080-exec-2] INFO  io.tiklab.gateway.GatewayFilter - request success,request url:/home/findTypeDistribution,remote:0:0:0:0:0:0:0:1
2024-10-15 09:36:49.310 [http-nio-8080-exec-4] INFO  io.tiklab.gateway.GatewayFilter - request success,request url:/home/findHostUsage,remote:0:0:0:0:0:0:0:1
2024-10-15 09:36:49.783 [http-nio-8080-exec-6] INFO  io.tiklab.gateway.GatewayFilter - request success,request url:/hostList/findHostPage,remote:0:0:0:0:0:0:0:1
2024-10-15 09:36:50.280 [http-nio-8080-exec-9] INFO  io.tiklab.gateway.GatewayFilter - request success,request url:/css/43.1f844948886ef1237bd1.css,remote:0:0:0:0:0:0:0:1
2024-10-15 09:36:50.293 [http-nio-8080-exec-10] INFO  io.tiklab.gateway.GatewayFilter - request success,request url:/js/43.e4c6334c.js,remote:0:0:0:0:0:0:0:1
2024-10-15 09:36:50.320 [http-nio-8080-exec-5] INFO  io.tiklab.gateway.GatewayFilter - request success,request url:/dbInfo/findDbInfoPage,remote:0:0:0:0:0:0:0:1
2024-10-15 09:36:50.824 [http-nio-8080-exec-7] INFO  io.tiklab.gateway.GatewayFilter - request success,request url:/home/findAlarmTypeNum,remote:0:0:0:0:0:0:0:1
2024-10-15 09:36:50.835 [http-nio-8080-exec-1] INFO  io.tiklab.gateway.GatewayFilter - request success,request url:/home/findTypeDistribution,remote:0:0:0:0:0:0:0:1
2024-10-15 09:36:50.836 [http-nio-8080-exec-2] INFO  io.tiklab.gateway.GatewayFilter - request success,request url:/home/findAlarmTypeNum,remote:0:0:0:0:0:0:0:1
2024-10-15 09:36:50.842 [http-nio-8080-exec-3] INFO  io.tiklab.gateway.GatewayFilter - request success,request url:/home/findHostUsage,remote:0:0:0:0:0:0:0:1
2024-10-15 09:36:50.852 [http-nio-8080-exec-4] INFO  io.tiklab.gateway.GatewayFilter - request success,request url:/home/findTypeDistribution,remote:0:0:0:0:0:0:0:1
2024-10-15 09:36:50.854 [http-nio-8080-exec-8] INFO  io.tiklab.gateway.GatewayFilter - request success,request url:/home/findHostUsage,remote:0:0:0:0:0:0:0:1
2024-10-15 09:36:51.521 [http-nio-8080-exec-6] INFO  io.tiklab.gateway.GatewayFilter - request success,request url:/hostList/findHostPage,remote:0:0:0:0:0:0:0:1
2024-10-15 09:36:51.994 [http-nio-8080-exec-9] INFO  io.tiklab.gateway.GatewayFilter - request success,request url:/dbInfo/findDbInfoPage,remote:0:0:0:0:0:0:0:1
2024-10-15 09:36:56.691 [Thread-1] INFO  i.t.r.transport.tcp.transport.netty.NettyServer - jvm destroy,clear resource on port:0...
2024-10-15 09:36:56.694 [SpringApplicationShutdownHook] INFO  org.quartz.core.QuartzScheduler - Scheduler quartzScheduler_$_NON_CLUSTERED paused.
2024-10-15 09:36:56.723 [SpringApplicationShutdownHook] INFO  o.s.scheduling.quartz.SchedulerFactoryBean - Shutting down Quartz Scheduler
2024-10-15 09:36:56.724 [SpringApplicationShutdownHook] INFO  org.quartz.core.QuartzScheduler - Scheduler quartzScheduler_$_NON_CLUSTERED shutting down.
2024-10-15 09:36:56.724 [SpringApplicationShutdownHook] INFO  org.quartz.core.QuartzScheduler - Scheduler quartzScheduler_$_NON_CLUSTERED paused.
2024-10-15 09:36:56.724 [SpringApplicationShutdownHook] INFO  org.quartz.core.QuartzScheduler - Scheduler quartzScheduler_$_NON_CLUSTERED shutdown complete.
2024-10-15 17:00:20.867 [background-preinit] INFO  org.hibernate.validator.internal.util.Version - HV000001: Hibernate Validator 5.2.4.Final
2024-10-15 17:00:20.883 [main] INFO  io.tiklab.kaelthas.starter.KaelthasApplication - Starting KaelthasApplication using Java 17.0.9 on DESKTOP-QSSU4I0 with PID 22464 (D:\code\companycode\xmonitor\tiklab-kaelthas\tiklab-kaelthas-starter\target\classes started by admin in D:\code\companycode\xmonitor\tiklab-kaelthas)
2024-10-15 17:00:20.885 [main] INFO  io.tiklab.kaelthas.starter.KaelthasApplication - No active profile set, falling back to default profiles: default
2024-10-15 17:00:22.183 [main] WARN  o.s.b.w.s.c.AnnotationConfigServletWebServerApplicationContext - Exception encountered during context initialization - cancelling refresh attempt: org.springframework.beans.factory.BeanDefinitionStoreException: Failed to parse configuration class [io.tiklab.kaelthas.starter.KaelthasApplication]; nested exception is java.io.FileNotFoundException: class path resource [io/tiklab/kaelthas/alarm/service/AlarmService.class] cannot be opened because it does not exist
2024-10-15 17:00:22.203 [main] ERROR org.springframework.boot.SpringApplication - Application run failed
org.springframework.beans.factory.BeanDefinitionStoreException: Failed to parse configuration class [io.tiklab.kaelthas.starter.KaelthasApplication]; nested exception is java.io.FileNotFoundException: class path resource [io/tiklab/kaelthas/alarm/service/AlarmService.class] cannot be opened because it does not exist
	at org.springframework.context.annotation.ConfigurationClassParser.parse(ConfigurationClassParser.java:189)
	at org.springframework.context.annotation.ConfigurationClassPostProcessor.processConfigBeanDefinitions(ConfigurationClassPostProcessor.java:331)
	at org.springframework.context.annotation.ConfigurationClassPostProcessor.postProcessBeanDefinitionRegistry(ConfigurationClassPostProcessor.java:247)
	at org.springframework.context.support.PostProcessorRegistrationDelegate.invokeBeanDefinitionRegistryPostProcessors(PostProcessorRegistrationDelegate.java:311)
	at org.springframework.context.support.PostProcessorRegistrationDelegate.invokeBeanFactoryPostProcessors(PostProcessorRegistrationDelegate.java:112)
	at org.springframework.context.support.AbstractApplicationContext.invokeBeanFactoryPostProcessors(AbstractApplicationContext.java:746)
	at org.springframework.context.support.AbstractApplicationContext.refresh(AbstractApplicationContext.java:564)
	at org.springframework.boot.web.servlet.context.ServletWebServerApplicationContext.refresh(ServletWebServerApplicationContext.java:145)
	at org.springframework.boot.SpringApplication.refresh(SpringApplication.java:754)
	at org.springframework.boot.SpringApplication.refreshContext(SpringApplication.java:434)
	at org.springframework.boot.SpringApplication.run(SpringApplication.java:338)
	at org.springframework.boot.SpringApplication.run(SpringApplication.java:1343)
	at org.springframework.boot.SpringApplication.run(SpringApplication.java:1332)
	at io.tiklab.kaelthas.starter.KaelthasApplication.main(KaelthasApplication.java:14)
Caused by: java.io.FileNotFoundException: class path resource [io/tiklab/kaelthas/alarm/service/AlarmService.class] cannot be opened because it does not exist
	at org.springframework.core.io.ClassPathResource.getInputStream(ClassPathResource.java:199)
	at org.springframework.core.type.classreading.SimpleMetadataReader.getClassReader(SimpleMetadataReader.java:55)
	at org.springframework.core.type.classreading.SimpleMetadataReader.<init>(SimpleMetadataReader.java:49)
	at org.springframework.core.type.classreading.SimpleMetadataReaderFactory.getMetadataReader(SimpleMetadataReaderFactory.java:103)
	at org.springframework.boot.type.classreading.ConcurrentReferenceCachingMetadataReaderFactory.createMetadataReader(ConcurrentReferenceCachingMetadataReaderFactory.java:86)
	at org.springframework.boot.type.classreading.ConcurrentReferenceCachingMetadataReaderFactory.getMetadataReader(ConcurrentReferenceCachingMetadataReaderFactory.java:73)
	at org.springframework.core.type.classreading.SimpleMetadataReaderFactory.getMetadataReader(SimpleMetadataReaderFactory.java:81)
	at org.springframework.context.annotation.ConfigurationClassParser.asSourceClass(ConfigurationClassParser.java:696)
	at org.springframework.context.annotation.ConfigurationClassParser$SourceClass.getInterfaces(ConfigurationClassParser.java:1024)
	at org.springframework.context.annotation.ConfigurationClassParser.processInterfaces(ConfigurationClassParser.java:386)
	at org.springframework.context.annotation.ConfigurationClassParser.doProcessConfigurationClass(ConfigurationClassParser.java:332)
	at org.springframework.context.annotation.ConfigurationClassParser.processConfigurationClass(ConfigurationClassParser.java:250)
	at org.springframework.context.annotation.ConfigurationClassParser.parse(ConfigurationClassParser.java:199)
	at org.springframework.context.annotation.ConfigurationClassParser.doProcessConfigurationClass(ConfigurationClassParser.java:304)
	at org.springframework.context.annotation.ConfigurationClassParser.processConfigurationClass(ConfigurationClassParser.java:250)
	at org.springframework.context.annotation.ConfigurationClassParser.parse(ConfigurationClassParser.java:199)
	at org.springframework.context.annotation.ConfigurationClassParser.doProcessConfigurationClass(ConfigurationClassParser.java:304)
	at org.springframework.context.annotation.ConfigurationClassParser.processConfigurationClass(ConfigurationClassParser.java:250)
	at org.springframework.context.annotation.ConfigurationClassParser.parse(ConfigurationClassParser.java:207)
	at org.springframework.context.annotation.ConfigurationClassParser.parse(ConfigurationClassParser.java:175)
	... 13 common frames omitted
2024-10-15 17:00:50.984 [background-preinit] INFO  org.hibernate.validator.internal.util.Version - HV000001: Hibernate Validator 5.2.4.Final
2024-10-15 17:00:50.996 [main] INFO  io.tiklab.kaelthas.starter.KaelthasApplication - Starting KaelthasApplication using Java 17.0.9 on DESKTOP-QSSU4I0 with PID 27420 (D:\code\companycode\xmonitor\tiklab-kaelthas\tiklab-kaelthas-starter\target\classes started by admin in D:\code\companycode\xmonitor\tiklab-kaelthas)
2024-10-15 17:00:50.996 [main] INFO  io.tiklab.kaelthas.starter.KaelthasApplication - No active profile set, falling back to default profiles: default
2024-10-15 17:00:51.198 [main] WARN  o.s.b.w.s.c.AnnotationConfigServletWebServerApplicationContext - Exception encountered during context initialization - cancelling refresh attempt: org.springframework.beans.factory.BeanDefinitionStoreException: Failed to parse configuration class [io.tiklab.kaelthas.starter.KaelthasApplication]; nested exception is java.io.FileNotFoundException: class path resource [io/tiklab/kaelthas/alarm/service/AlarmService.class] cannot be opened because it does not exist
2024-10-15 17:00:51.219 [main] ERROR org.springframework.boot.SpringApplication - Application run failed
org.springframework.beans.factory.BeanDefinitionStoreException: Failed to parse configuration class [io.tiklab.kaelthas.starter.KaelthasApplication]; nested exception is java.io.FileNotFoundException: class path resource [io/tiklab/kaelthas/alarm/service/AlarmService.class] cannot be opened because it does not exist
	at org.springframework.context.annotation.ConfigurationClassParser.parse(ConfigurationClassParser.java:189)
	at org.springframework.context.annotation.ConfigurationClassPostProcessor.processConfigBeanDefinitions(ConfigurationClassPostProcessor.java:331)
	at org.springframework.context.annotation.ConfigurationClassPostProcessor.postProcessBeanDefinitionRegistry(ConfigurationClassPostProcessor.java:247)
	at org.springframework.context.support.PostProcessorRegistrationDelegate.invokeBeanDefinitionRegistryPostProcessors(PostProcessorRegistrationDelegate.java:311)
	at org.springframework.context.support.PostProcessorRegistrationDelegate.invokeBeanFactoryPostProcessors(PostProcessorRegistrationDelegate.java:112)
	at org.springframework.context.support.AbstractApplicationContext.invokeBeanFactoryPostProcessors(AbstractApplicationContext.java:746)
	at org.springframework.context.support.AbstractApplicationContext.refresh(AbstractApplicationContext.java:564)
	at org.springframework.boot.web.servlet.context.ServletWebServerApplicationContext.refresh(ServletWebServerApplicationContext.java:145)
	at org.springframework.boot.SpringApplication.refresh(SpringApplication.java:754)
	at org.springframework.boot.SpringApplication.refreshContext(SpringApplication.java:434)
	at org.springframework.boot.SpringApplication.run(SpringApplication.java:338)
	at org.springframework.boot.SpringApplication.run(SpringApplication.java:1343)
	at org.springframework.boot.SpringApplication.run(SpringApplication.java:1332)
	at io.tiklab.kaelthas.starter.KaelthasApplication.main(KaelthasApplication.java:14)
Caused by: java.io.FileNotFoundException: class path resource [io/tiklab/kaelthas/alarm/service/AlarmService.class] cannot be opened because it does not exist
	at org.springframework.core.io.ClassPathResource.getInputStream(ClassPathResource.java:199)
	at org.springframework.core.type.classreading.SimpleMetadataReader.getClassReader(SimpleMetadataReader.java:55)
	at org.springframework.core.type.classreading.SimpleMetadataReader.<init>(SimpleMetadataReader.java:49)
	at org.springframework.core.type.classreading.SimpleMetadataReaderFactory.getMetadataReader(SimpleMetadataReaderFactory.java:103)
	at org.springframework.boot.type.classreading.ConcurrentReferenceCachingMetadataReaderFactory.createMetadataReader(ConcurrentReferenceCachingMetadataReaderFactory.java:86)
	at org.springframework.boot.type.classreading.ConcurrentReferenceCachingMetadataReaderFactory.getMetadataReader(ConcurrentReferenceCachingMetadataReaderFactory.java:73)
	at org.springframework.core.type.classreading.SimpleMetadataReaderFactory.getMetadataReader(SimpleMetadataReaderFactory.java:81)
	at org.springframework.context.annotation.ConfigurationClassParser.asSourceClass(ConfigurationClassParser.java:696)
	at org.springframework.context.annotation.ConfigurationClassParser$SourceClass.getInterfaces(ConfigurationClassParser.java:1024)
	at org.springframework.context.annotation.ConfigurationClassParser.processInterfaces(ConfigurationClassParser.java:386)
	at org.springframework.context.annotation.ConfigurationClassParser.doProcessConfigurationClass(ConfigurationClassParser.java:332)
	at org.springframework.context.annotation.ConfigurationClassParser.processConfigurationClass(ConfigurationClassParser.java:250)
	at org.springframework.context.annotation.ConfigurationClassParser.parse(ConfigurationClassParser.java:199)
	at org.springframework.context.annotation.ConfigurationClassParser.doProcessConfigurationClass(ConfigurationClassParser.java:304)
	at org.springframework.context.annotation.ConfigurationClassParser.processConfigurationClass(ConfigurationClassParser.java:250)
	at org.springframework.context.annotation.ConfigurationClassParser.parse(ConfigurationClassParser.java:199)
	at org.springframework.context.annotation.ConfigurationClassParser.doProcessConfigurationClass(ConfigurationClassParser.java:304)
	at org.springframework.context.annotation.ConfigurationClassParser.processConfigurationClass(ConfigurationClassParser.java:250)
	at org.springframework.context.annotation.ConfigurationClassParser.parse(ConfigurationClassParser.java:207)
	at org.springframework.context.annotation.ConfigurationClassParser.parse(ConfigurationClassParser.java:175)
	... 13 common frames omitted
2024-10-16 09:07:42.580 [background-preinit] INFO  org.hibernate.validator.internal.util.Version - HV000001: Hibernate Validator 5.2.4.Final
2024-10-16 09:07:42.588 [main] INFO  io.tiklab.kaelthas.starter.KaelthasApplication - Starting KaelthasApplication using Java 17.0.9 on DESKTOP-QSSU4I0 with PID 21448 (D:\code\companycode\xmonitor\tiklab-kaelthas\tiklab-kaelthas-starter\target\classes started by admin in D:\code\companycode\xmonitor\tiklab-kaelthas)
2024-10-16 09:07:42.588 [main] INFO  io.tiklab.kaelthas.starter.KaelthasApplication - No active profile set, falling back to default profiles: default
2024-10-16 09:07:44.371 [main] INFO  o.s.c.annotation.ConfigurationClassPostProcessor - Cannot enhance @Configuration bean definition 'io.tiklab.rpc.boot.starter.config.RpcServerAutoConfiguration' since its singleton instance has been created too early. The typical cause is a non-static @Bean method with a BeanDefinitionRegistryPostProcessor return type: Consider declaring such methods as 'static'.
2024-10-16 09:07:44.491 [main] INFO  io.tiklab.rpc.common.support.NetworkUtils - get ip adress,costTime:0
2024-10-16 09:07:44.491 [main] INFO  io.tiklab.toolkit.context.AppHomeConfiguration - APP_HOME:D:\code\companycode\xmonitor\tiklab-kaelthas\tiklab-kaelthas-starter
2024-10-16 09:07:45.439 [main] INFO  o.s.boot.web.embedded.tomcat.TomcatWebServer - Tomcat initialized with port(s): 8080 (http)
2024-10-16 09:07:45.447 [main] INFO  org.apache.coyote.http11.Http11NioProtocol - Initializing ProtocolHandler ["http-nio-8080"]
2024-10-16 09:07:45.447 [main] INFO  org.apache.catalina.core.StandardService - Starting service [Tomcat]
2024-10-16 09:07:45.447 [main] INFO  org.apache.catalina.core.StandardEngine - Starting Servlet engine: [Apache Tomcat/9.0.54]
2024-10-16 09:07:45.541 [main] INFO  o.a.c.core.ContainerBase.[Tomcat].[localhost].[/] - Initializing Spring embedded WebApplicationContext
2024-10-16 09:07:45.541 [main] INFO  o.s.b.w.s.c.ServletWebServerApplicationContext - Root WebApplicationContext: initialization completed in 2923 ms
2024-10-16 09:07:46.795 [main] INFO  i.t.r.b.starter.config.RpcServerAutoConfiguration - rpc server started on 127.0.0.1:8080
2024-10-16 09:07:47.106 [main] INFO  i.t.r.transport.tcp.transport.netty.NettyServer - netty server starting on port:5030
2024-10-16 09:07:47.178 [main] INFO  i.t.d.b.starter.config.DcsServerAutoConfiguration - dcs server started on 127.0.0.1:5030
2024-10-16 09:07:47.179 [nioEventLoopGroup-2-1] INFO  i.t.r.transport.tcp.transport.netty.NettyServer - netty started succefully.
2024-10-16 09:07:47.179 [main] INFO  io.tiklab.postgresql.config.ExecPostgresqlScript - postgresql type local
2024-10-16 09:07:47.362 [main] INFO  o.s.b.a.web.servlet.WelcomePageHandlerMapping - Adding welcome page: class path resource [static/index.html]
2024-10-16 09:07:47.505 [main] WARN  o.s.b.a.freemarker.FreeMarkerAutoConfiguration - Cannot find template location(s): [classpath:/templates/] (please add some templates, check your FreeMarker configuration, or set spring.freemarker.checkTemplateLocation=false)
2024-10-16 09:07:47.550 [main] INFO  org.quartz.impl.StdSchedulerFactory - Using default implementation for ThreadExecutor
2024-10-16 09:07:47.557 [main] INFO  org.quartz.core.SchedulerSignalerImpl - Initialized Scheduler Signaller of type: class org.quartz.core.SchedulerSignalerImpl
2024-10-16 09:07:47.558 [main] INFO  org.quartz.core.QuartzScheduler - Quartz Scheduler v.2.3.2 created.
2024-10-16 09:07:47.558 [main] INFO  org.quartz.simpl.RAMJobStore - RAMJobStore initialized.
2024-10-16 09:07:47.558 [main] INFO  org.quartz.core.QuartzScheduler - Scheduler meta-data: Quartz Scheduler (v2.3.2) 'quartzScheduler' with instanceId 'NON_CLUSTERED'
  Scheduler class: 'org.quartz.core.QuartzScheduler' - running locally.
  NOT STARTED.
  Currently in standby mode.
  Number of jobs executed: 0
  Using thread pool 'org.quartz.simpl.SimpleThreadPool' - with 10 threads.
  Using job-store 'org.quartz.simpl.RAMJobStore' - which does not support persistence. and is not clustered.

2024-10-16 09:07:47.558 [main] INFO  org.quartz.impl.StdSchedulerFactory - Quartz scheduler 'quartzScheduler' initialized from an externally provided properties instance.
2024-10-16 09:07:47.558 [main] INFO  org.quartz.impl.StdSchedulerFactory - Quartz scheduler version: 2.3.2
2024-10-16 09:07:47.558 [main] INFO  org.quartz.core.QuartzScheduler - JobFactory set to: org.springframework.scheduling.quartz.SpringBeanJobFactory@77d066db
2024-10-16 09:07:47.597 [main] INFO  org.apache.coyote.http11.Http11NioProtocol - Starting ProtocolHandler ["http-nio-8080"]
2024-10-16 09:07:47.605 [main] INFO  o.s.boot.web.embedded.tomcat.TomcatWebServer - Tomcat started on port(s): 8080 (http) with context path ''
2024-10-16 09:07:47.606 [main] INFO  o.s.scheduling.quartz.SchedulerFactoryBean - Starting Quartz Scheduler now
2024-10-16 09:07:47.606 [main] INFO  org.quartz.core.QuartzScheduler - Scheduler quartzScheduler_$_NON_CLUSTERED started.
2024-10-16 09:07:47.610 [main] INFO  o.s.s.a.ScheduledAnnotationBeanPostProcessor - No TaskScheduler/ScheduledExecutorService bean found for scheduled processing
2024-10-16 09:07:47.614 [main] INFO  i.t.dsm.boot.starter.config.DsmAutoConfiguration - init database...
2024-10-16 09:07:47.893 [main] WARN  io.tiklab.dsm.config.SQLFileParser - sql script file name invalid,file name:test.sql
2024-10-16 09:07:47.897 [main] ERROR i.t.dsm.boot.starter.config.DsmAutoConfiguration - init database failed.
io.tiklab.core.exception.ApplicationException: script file not found,module:message,version:1.0.9
	at io.tiklab.dsm.config.DsmConfigParser.parse(DsmConfigParser.java:44)
	at io.tiklab.dsm.DsmProcessor.process(DsmProcessor.java:67)
	at io.tiklab.dsm.boot.starter.config.DsmAutoConfiguration.process(DsmAutoConfiguration.java:68)
	at io.tiklab.dsm.boot.starter.config.DsmAutoConfiguration.onApplicationEvent(DsmAutoConfiguration.java:48)
	at io.tiklab.dsm.boot.starter.config.DsmAutoConfiguration.onApplicationEvent(DsmAutoConfiguration.java:16)
	at io.tiklab.dsm.boot.starter.config.DsmAutoConfiguration$$EnhancerBySpringCGLIB$$b29346b4.onApplicationEvent(<generated>)
	at org.springframework.context.event.SimpleApplicationEventMulticaster.doInvokeListener(SimpleApplicationEventMulticaster.java:176)
	at org.springframework.context.event.SimpleApplicationEventMulticaster.invokeListener(SimpleApplicationEventMulticaster.java:169)
	at org.springframework.context.event.SimpleApplicationEventMulticaster.multicastEvent(SimpleApplicationEventMulticaster.java:143)
	at org.springframework.context.support.AbstractApplicationContext.publishEvent(AbstractApplicationContext.java:421)
	at org.springframework.context.support.AbstractApplicationContext.publishEvent(AbstractApplicationContext.java:378)
	at org.springframework.context.support.AbstractApplicationContext.finishRefresh(AbstractApplicationContext.java:938)
	at org.springframework.context.support.AbstractApplicationContext.refresh(AbstractApplicationContext.java:586)
	at org.springframework.boot.web.servlet.context.ServletWebServerApplicationContext.refresh(ServletWebServerApplicationContext.java:145)
	at org.springframework.boot.SpringApplication.refresh(SpringApplication.java:754)
	at org.springframework.boot.SpringApplication.refreshContext(SpringApplication.java:434)
	at org.springframework.boot.SpringApplication.run(SpringApplication.java:338)
	at org.springframework.boot.SpringApplication.run(SpringApplication.java:1343)
	at org.springframework.boot.SpringApplication.run(SpringApplication.java:1332)
	at io.tiklab.kaelthas.starter.KaelthasApplication.main(KaelthasApplication.java:14)
2024-10-16 09:07:47.902 [main] INFO  io.tiklab.kaelthas.starter.KaelthasApplication - Started KaelthasApplication in 5.621 seconds (JVM running for 6.352)
2024-10-16 09:54:03.604 [Thread-1] INFO  i.t.r.transport.tcp.transport.netty.NettyServer - jvm destroy,clear resource on port:0...
2024-10-16 09:54:03.607 [SpringApplicationShutdownHook] INFO  org.quartz.core.QuartzScheduler - Scheduler quartzScheduler_$_NON_CLUSTERED paused.
2024-10-16 09:54:03.629 [SpringApplicationShutdownHook] INFO  o.s.scheduling.quartz.SchedulerFactoryBean - Shutting down Quartz Scheduler
2024-10-16 09:54:03.629 [SpringApplicationShutdownHook] INFO  org.quartz.core.QuartzScheduler - Scheduler quartzScheduler_$_NON_CLUSTERED shutting down.
2024-10-16 09:54:03.629 [SpringApplicationShutdownHook] INFO  org.quartz.core.QuartzScheduler - Scheduler quartzScheduler_$_NON_CLUSTERED paused.
2024-10-16 09:54:03.629 [SpringApplicationShutdownHook] INFO  org.quartz.core.QuartzScheduler - Scheduler quartzScheduler_$_NON_CLUSTERED shutdown complete.
2024-10-16 09:54:03.637 [pool-7-thread-1] ERROR o.s.s.support.TaskUtils$LoggingErrorHandler - Unexpected error occurred in scheduled task
org.springframework.transaction.CannotCreateTransactionException: Could not open JDBC Connection for transaction; nested exception is java.sql.SQLException: Data source is closed
	at org.springframework.jdbc.datasource.DataSourceTransactionManager.doBegin(DataSourceTransactionManager.java:309)
	at org.springframework.transaction.support.AbstractPlatformTransactionManager.startTransaction(AbstractPlatformTransactionManager.java:400)
	at org.springframework.transaction.support.AbstractPlatformTransactionManager.getTransaction(AbstractPlatformTransactionManager.java:373)
	at org.springframework.transaction.interceptor.TransactionAspectSupport.createTransactionIfNecessary(TransactionAspectSupport.java:595)
	at org.springframework.transaction.interceptor.TransactionAspectSupport.invokeWithinTransaction(TransactionAspectSupport.java:382)
	at org.springframework.transaction.interceptor.TransactionInterceptor.invoke(TransactionInterceptor.java:119)
	at org.springframework.aop.framework.ReflectiveMethodInvocation.proceed(ReflectiveMethodInvocation.java:186)
	at org.springframework.aop.framework.CglibAopProxy$CglibMethodInvocation.proceed(CglibAopProxy.java:753)
	at org.springframework.aop.interceptor.ExposeInvocationInterceptor.invoke(ExposeInvocationInterceptor.java:97)
	at org.springframework.aop.framework.ReflectiveMethodInvocation.proceed(ReflectiveMethodInvocation.java:186)
	at org.springframework.aop.framework.CglibAopProxy$CglibMethodInvocation.proceed(CglibAopProxy.java:753)
	at org.springframework.aop.framework.CglibAopProxy$DynamicAdvisedInterceptor.intercept(CglibAopProxy.java:698)
	at io.tiklab.kaelthas.history.service.HistoryServiceImpl$$EnhancerBySpringCGLIB$$81371448.insertForList(<generated>)
	at io.tiklab.kaelthas.switchs.service.GetInReportDataService.executeSwitchHost(SwitchHostService.java:68)
	at io.tiklab.kaelthas.switchs.service.GetInReportDataService$$FastClassBySpringCGLIB$$2c64ea55.invoke(<generated>)
	at org.springframework.cglib.proxy.MethodProxy.invoke(MethodProxy.java:218)
	at org.springframework.aop.framework.CglibAopProxy$CglibMethodInvocation.invokeJoinpoint(CglibAopProxy.java:783)
	at org.springframework.aop.framework.ReflectiveMethodInvocation.proceed(ReflectiveMethodInvocation.java:163)
	at org.springframework.aop.framework.CglibAopProxy$CglibMethodInvocation.proceed(CglibAopProxy.java:753)
	at org.springframework.transaction.interceptor.TransactionInterceptor$1.proceedWithInvocation(TransactionInterceptor.java:123)
	at org.springframework.transaction.interceptor.TransactionAspectSupport.invokeWithinTransaction(TransactionAspectSupport.java:388)
	at org.springframework.transaction.interceptor.TransactionInterceptor.invoke(TransactionInterceptor.java:119)
	at org.springframework.aop.framework.ReflectiveMethodInvocation.proceed(ReflectiveMethodInvocation.java:186)
	at org.springframework.aop.framework.CglibAopProxy$CglibMethodInvocation.proceed(CglibAopProxy.java:753)
	at org.springframework.aop.interceptor.ExposeInvocationInterceptor.invoke(ExposeInvocationInterceptor.java:97)
	at org.springframework.aop.framework.ReflectiveMethodInvocation.proceed(ReflectiveMethodInvocation.java:186)
	at org.springframework.aop.framework.CglibAopProxy$CglibMethodInvocation.proceed(CglibAopProxy.java:753)
	at org.springframework.aop.framework.CglibAopProxy$DynamicAdvisedInterceptor.intercept(CglibAopProxy.java:698)
	at io.tiklab.kaelthas.switchs.service.GetInReportDataService$$EnhancerBySpringCGLIB$$440ebcb7.executeSwitchHost(<generated>)
	at jdk.internal.reflect.GeneratedMethodAccessor401.invoke(Unknown Source)
	at java.base/jdk.internal.reflect.DelegatingMethodAccessorImpl.invoke(DelegatingMethodAccessorImpl.java:43)
	at java.base/java.lang.reflect.Method.invoke(Method.java:568)
	at org.springframework.scheduling.support.ScheduledMethodRunnable.run(ScheduledMethodRunnable.java:84)
	at org.springframework.scheduling.support.DelegatingErrorHandlingRunnable.run(DelegatingErrorHandlingRunnable.java:54)
	at org.springframework.scheduling.concurrent.ReschedulingRunnable.run(ReschedulingRunnable.java:95)
	at java.base/java.util.concurrent.Executors$RunnableAdapter.call(Executors.java:539)
	at java.base/java.util.concurrent.FutureTask.run(FutureTask.java:264)
	at java.base/java.util.concurrent.ScheduledThreadPoolExecutor$ScheduledFutureTask.run(ScheduledThreadPoolExecutor.java:304)
	at java.base/java.util.concurrent.ThreadPoolExecutor.runWorker(ThreadPoolExecutor.java:1136)
	at java.base/java.util.concurrent.ThreadPoolExecutor$Worker.run(ThreadPoolExecutor.java:635)
	at java.base/java.lang.Thread.run(Thread.java:842)
Caused by: java.sql.SQLException: Data source is closed
	at org.apache.commons.dbcp.BasicDataSource.createDataSource(BasicDataSource.java:1362)
	at org.apache.commons.dbcp.BasicDataSource.getConnection(BasicDataSource.java:1044)
	at org.springframework.jdbc.datasource.lookup.AbstractRoutingDataSource.getConnection(AbstractRoutingDataSource.java:194)
	at org.springframework.jdbc.datasource.DataSourceTransactionManager.doBegin(DataSourceTransactionManager.java:265)
	... 40 common frames omitted
